<?xml version="1.0" encoding="UTF-8"?>
<testng-results skipped="0" failed="0" ignored="0" total="2" passed="2">
  <reporter-output>
  </reporter-output>
  <suite name="TestSuit" duration-ms="110" started-at="2017-06-12T07:13:04Z" finished-at="2017-06-12T07:13:04Z">
    <groups>
    </groups>
    <test name="Home page Test" duration-ms="110" started-at="2017-06-12T07:13:04Z" finished-at="2017-06-12T07:13:04Z">
      <class name="NewTest2">
        <test-method status="PASS" signature="f()[pri:0, instance:NewTest2@26653222]" name="f" duration-ms="10" started-at="2017-06-12T12:43:04Z" finished-at="2017-06-12T12:43:04Z">
          <reporter-output>
          </reporter-output>
        </test-method> <!-- f -->
      </class> <!-- NewTest2 -->
      <class name="NewTest">
        <test-method status="PASS" signature="beforeTest()[pri:0, instance:NewTest@3532ec19]" name="beforeTest" is-config="true" duration-ms="25" started-at="2017-06-12T12:43:04Z" finished-at="2017-06-12T12:43:04Z">
          <reporter-output>
          </reporter-output>
        </test-method> <!-- beforeTest -->
        <test-method status="PASS" signature="beforeTest()[pri:0, instance:NewTest2@26653222]" name="beforeTest" is-config="true" duration-ms="2" started-at="2017-06-12T12:43:04Z" finished-at="2017-06-12T12:43:04Z">
          <reporter-output>
          </reporter-output>
        </test-method> <!-- beforeTest -->
        <test-method status="PASS" signature="f()[pri:0, instance:NewTest@3532ec19]" name="f" duration-ms="19" started-at="2017-06-12T12:43:04Z" finished-at="2017-06-12T12:43:04Z">
          <reporter-output>
          </reporter-output>
        </test-method> <!-- f -->
      </class> <!-- NewTest -->
    </test> <!-- Home page Test -->
  </suite> <!-- TestSuit -->
</testng-results>
