<?xml version="1.0" encoding="UTF-8"?>
<testng-results skipped="0" failed="0" ignored="0" total="3" passed="3">
  <reporter-output>
  </reporter-output>
  <suite name="Default suite" duration-ms="204" started-at="2017-06-12T06:41:06Z" finished-at="2017-06-12T06:41:06Z">
    <groups>
    </groups>
    <test name="Default test" duration-ms="204" started-at="2017-06-12T06:41:06Z" finished-at="2017-06-12T06:41:06Z">
      <class name="NewTest">
        <test-method status="PASS" signature="justTest()[pri:0, instance:NewTest@d8355a8]" name="justTest" duration-ms="40" started-at="2017-06-12T12:11:06Z" finished-at="2017-06-12T12:11:06Z">
          <reporter-output>
          </reporter-output>
        </test-method> <!-- justTest -->
        <test-method status="PASS" signature="dataTest(java.lang.String, java.lang.String)[pri:1, instance:NewTest@d8355a8]" name="dataTest" duration-ms="12" started-at="2017-06-12T12:11:06Z" data-provider="testdata" depends-on-methods="NewTest.justTest" finished-at="2017-06-12T12:11:06Z">
          <params>
            <param index="0">
              <value>
                <![CDATA[ My Name]]>
              </value>
            </param>
            <param index="1">
              <value>
                <![CDATA[ TestNG]]>
              </value>
            </param>
          </params>
          <reporter-output>
          </reporter-output>
        </test-method> <!-- dataTest -->
        <test-method status="PASS" signature="dataTest(java.lang.String, java.lang.String)[pri:1, instance:NewTest@d8355a8]" name="dataTest" duration-ms="12" started-at="2017-06-12T12:11:06Z" data-provider="testdata" depends-on-methods="NewTest.justTest" finished-at="2017-06-12T12:11:06Z">
          <params>
            <param index="0">
              <value>
                <![CDATA[ what]]>
              </value>
            </param>
            <param index="1">
              <value>
                <![CDATA[ your Name]]>
              </value>
            </param>
          </params>
          <reporter-output>
          </reporter-output>
        </test-method> <!-- dataTest -->
      </class> <!-- NewTest -->
    </test> <!-- Default test -->
  </suite> <!-- Default suite -->
</testng-results>
